
New results:
itn   integral        wgt average     chi2/dof        Q
-------------------------------------------------------
  1   1.003(26)       1.003(26)           0.00     1.00
  2   0.994(18)       0.997(15)           0.08     0.77
  3   0.998(14)       0.997(10)           0.04     0.96
  4   1.020(12)       1.0072(78)          0.70     0.55
  5   1.011(12)       1.0084(65)          0.55     0.70


Combined results:
itn   integral        wgt average     chi2/dof        Q
-------------------------------------------------------
  1   2.6(1.4)        2.6(1.4)            0.00     1.00
  2   1.32(25)        1.36(25)            0.75     0.39
  3   0.909(96)       0.968(89)           1.79     0.17
  4   1.039(69)       1.012(55)           1.32     0.26
  5   0.929(34)       0.952(29)           1.41     0.23
  6   1.003(26)       0.980(19)           1.47     0.20
  7   0.994(18)       0.988(13)           1.27     0.27
  8   0.998(14)       0.9922(98)          1.13     0.34
  9   1.020(12)       1.0035(75)          1.39     0.20
 10   1.011(12)       1.0057(64)          1.27     0.25

Combined result = 1.0057(64)    Q = 0.25
