
New results:
itn   integral        wgt average     chi2/dof        Q
-------------------------------------------------------
  1   1.007(17)       1.007(17)           0.00     1.00
  2   1.006(14)       1.007(11)           0.00     0.98
  3   0.997(13)       1.0029(82)          0.16     0.85
  4   1.015(21)       1.0044(76)          0.20     0.90
  5   0.990(13)       1.0007(66)          0.39     0.82


Combined results:
itn   integral        wgt average     chi2/dof        Q
-------------------------------------------------------
  1   1.045(61)       1.045(61)           0.00     1.00
  2   1.016(45)       1.026(36)           0.14     0.71
  3   1.023(29)       1.024(23)           0.07     0.93
  4   0.999(20)       1.010(15)           0.28     0.84
  5   1.025(17)       1.017(11)           0.31     0.87
  6   1.007(17)       1.0136(94)          0.30     0.91
  7   1.006(14)       1.0114(78)          0.28     0.95
  8   0.997(13)       1.0076(66)          0.36     0.92
  9   1.015(21)       1.0082(63)          0.33     0.95
 10   0.990(13)       1.0047(57)          0.48     0.89

Combined result = 1.0047(57)    Q = 0.89
