itn   integral        average         chi2/dof        Q
-------------------------------------------------------
  1   1.55(39)e-11    1.55(39)e-11        0.00     1.00
  2   1.78(81)e-11    1.66(45)e-11        1.02     0.44
  3   1.99(83)e-11    1.77(41)e-11        1.13     0.18
  4   1.8(1.1)e-11    1.79(42)e-11        1.10     0.19
  5   1.30(34)e-11    1.69(34)e-11        1.01     0.46
  6   1.23(48)e-11    1.62(30)e-11        1.02     0.42
  7   4.3(2.0)e-11    2.00(38)e-11        0.94     0.76
  8   4.0(1.4)e-11    2.26(38)e-11        1.00     0.51
  9   1.81(74)e-11    2.21(34)e-11        1.04     0.28
 10   1.31(47)e-11    2.12(31)e-11        1.05     0.24

c = [0.27(14) 0.620(56)]
corr(c) = [[ 1.         -0.86270344]
           [-0.86270344  1.        ]] 

w = [0.35(24) 0.67(26) 0.35(23) 0.39(26) 0.70(24) 0.49(29) 0.52(27) 0.33(22)
 0.46(32) 0.39(26) 0.45(26) 0.42(30) 0.40(25) 0.37(23) 0.36(27) 0.36(23)
 0.50(25) 0.66(21) 0.36(23)] 

b = 9.7(3.6) 

logBF = -24.58(15)
