ranseed = 1
itn   integral        wgt average     chi2/dof        Q
-------------------------------------------------------
  1   5.3(5.3)e-08    5.3(5.3)e-08        0.00     1.00
  2   2.8(1.8)e-08    3.39(18)e-09        0.99     0.44
  3   1.11(37)e-08    3.58(15)e-09        6.65     0.00
  4   9.9(1.5)e-09    3.66(13)e-09       21.91     0.00
  5   9.97(46)e-09    3.38(11)e-09       41.49     0.00
  6   1.146(69)e-08   4.280(94)e-09      74.81     0.00

itn   integral        wgt average     chi2/dof        Q
-------------------------------------------------------
  1   1.108(35)e-08   1.108(35)e-08       0.00     1.00
  2   1.068(18)e-08   1.079(15)e-08       2.02     0.03
  3   1.081(13)e-08   1.0773(90)e-08      1.30     0.17
  4   1.071(12)e-08   1.0766(70)e-08      0.96     0.52
  5   1.072(10)e-08   1.0767(56)e-08      0.81     0.78
  6   1.0904(98)e-08  1.0796(49)e-08      1.04     0.40
  7   1.0796(92)e-08  1.0795(43)e-08      0.95     0.58
  8   1.0828(86)e-08  1.0794(38)e-08      0.91     0.67
  9   1.0771(83)e-08  1.0785(34)e-08      0.85     0.81

neval_tot = 37965    nstrat = [20 20  2]
last neval = 2341    r.sum_neval = 21390     range = [2, 29]
ninc = 320 

p = [0.28075(55) 0.62277(23)]    w = 0.26293(59)
sigp = [0.13440(53) 0.05653(21)]
corr(p0,p1) = -0.89706(91)
cov(p,p):
 [[0.01806(14) -0.006816(57)]
 [-0.006816(57) 0.003196(24)]]
sigw = 0.11346(63)

