Harmonic Oscillator
===================
itn   integral        wgt average     chi2/dof        Q
-------------------------------------------------------
  1   0.1378(16)      0.1378(16)          0.00     1.00
  2   0.1380(12)      0.13792(96)         0.37     0.92
  3   0.1386(11)      0.13813(72)         0.58     0.89
  4   0.1404(11)      0.13891(60)         0.84     0.67
  5   0.14095(91)     0.13952(50)         0.96     0.52
  6   0.14031(82)     0.13971(43)         1.13     0.28

Ground-state energy = 0.49204(77)    Q = 0.28

    x  psi**2       sho-exact 
---------------------------
  0.0  0.5612(35)   0.56419   
  0.4  0.4777(33)   0.48077   
  0.8  0.2936(25)   0.29749   
  1.2  0.1303(15)   0.13367   
  1.6  0.04167(71)  0.04361   
  2.0  0.00956(23)  0.01033   


Anharmonic Oscillator
=====================
itn   integral        wgt average     chi2/dof        Q
-------------------------------------------------------
  1   0.09618(94)     0.09618(94)         0.00     1.00
  2   0.09563(73)     0.09584(58)         0.21     0.65
  3   0.09495(56)     0.09538(40)         0.72     0.49
  4   0.09502(61)     0.09527(33)         0.56     0.64
  5   0.09465(45)     0.09505(27)         0.72     0.58
  6   0.09455(43)     0.09491(23)         0.77     0.57

Ground-state energy = 0.58871(60)    Q = 0.57

E0(aho)/E0(sho) = 1.1965(22)     exact = 1.20481 

